Flutter crash report.
Please report a bug at https://github.com/flutter/flutter/issues.

## command

flutter debug_adapter

## exception

FileSystemException: FileSystemException: writeFrom failed, path = '' (OS Error: Broken pipe, errno = 32)

```
#0      _checkForErrorResponse (dart:io/common.dart:55:9)
#1      _RandomAccessFile.writeFrom.<anonymous closure> (dart:io/file_impl.dart:885:7)
#2      _rootRunUnary (dart:async/zone.dart:1407:47)
#3      _CustomZone.runUnary (dart:async/zone.dart:1308:19)
<asynchronous suspension>
#4      _FileStreamConsumer.addStream.<anonymous closure>.<anonymous closure>.<anonymous closure> (dart:io/file_impl.dart:218:21)
<asynchronous suspension>
```

## flutter doctor

```
[✓] Flutter (Channel stable, 3.24.2, on macOS 14.6.1 23G93 darwin-arm64, locale en-US)
    • Flutter version 3.24.2 on channel stable at /opt/homebrew/Caskroom/flutter/3.19.1/flutter
    • Upstream repository https://github.com/flutter/flutter.git
    • Framework revision 4cf269e36d (5 days ago), 2024-09-03 14:30:00 -0700
    • Engine revision a6bd3f1de1
    • Dart version 3.5.2
    • DevTools version 2.37.2

[✓] Android toolchain - develop for Android devices (Android SDK version 34.0.0)
    • Android SDK at /Users/shiren/Library/Android/sdk
    • Platform android-34, build-tools 34.0.0
    • Java binary at: /Applications/Android Studio.app/Contents/jbr/Contents/Home/bin/java
    • Java version OpenJDK Runtime Environment (build 17.0.11+0-17.0.11b1207.24-11852314)
    • All Android licenses accepted.

[✓] Xcode - develop for iOS and macOS (Xcode 15.2)
    • Xcode at /Applications/Xcode.app/Contents/Developer
    • Build 15C500b
    • CocoaPods version 1.15.2

[✓] Chrome - develop for the web
    • Chrome at /Applications/Google Chrome.app/Contents/MacOS/Google Chrome

[✓] Android Studio (version 2024.1)
    • Android Studio at /Applications/Android Studio.app/Contents
    • Flutter plugin can be installed from:
      🔨 https://plugins.jetbrains.com/plugin/9212-flutter
    • Dart plugin can be installed from:
      🔨 https://plugins.jetbrains.com/plugin/6351-dart
    • Java version OpenJDK Runtime Environment (build 17.0.11+0-17.0.11b1207.24-11852314)

[✓] VS Code (version 1.93.0)
    • VS Code at /Applications/Visual Studio Code.app/Contents
    • Flutter extension version 3.96.0

[✓] Connected device (4 available)
    • SHIREN’s iPhone (mobile)        • 00008110-000228A82E84801E • ios            • iOS 17.5 21F79
    • macOS (desktop)                 • macos                     • darwin-arm64   • macOS 14.6.1 23G93 darwin-arm64
    • Mac Designed for iPad (desktop) • mac-designed-for-ipad     • darwin         • macOS 14.6.1 23G93 darwin-arm64
    • Chrome (web)                    • chrome                    • web-javascript • Google Chrome 128.0.6613.120

[✓] Network resources
    • All expected network resources are available.

• No issues found!
```
